<?xml version="1.0" encoding="UTF-8"?>
<!-- Generated by org.testng.reporters.JUnitReportReporter -->
<testsuite hostname="Bishal-PC" failures="0" tests="1" name="winiumTest.Demo" time="0.007" errors="0" timestamp="23 Mar 2019 13:29:44 GMT" skipped="0">
  <testcase classname="winiumTest.Demo" name="SeleniumTest" time="0.007"/>
</testsuite> <!-- winiumTest.Demo -->
