<?xml version="1.0" encoding="UTF-8"?>
<!-- Generated by org.testng.reporters.JUnitReportReporter -->
<testsuite hostname="Bishal-PC" failures="0" tests="1" name="winiumTest.FileHandling" time="0.020" errors="0" timestamp="30 Nov 2019 13:14:04 GMT" skipped="0">
  <testcase classname="winiumTest.FileHandling" name="File_Handling" time="0.020"/>
</testsuite> <!-- winiumTest.FileHandling -->
