<?xml version="1.0" encoding="UTF-8"?>
<!-- Generated by org.testng.reporters.JUnitReportReporter -->
<testsuite hostname="DESKTOP-07P8Q28" failures="0" tests="3" name="winiumTest.DataProviderExample" time="0.014" errors="0" timestamp="03 Feb 2022 13:35:57 GMT" skipped="0">
  <testcase classname="winiumTest.DataProviderExample" name="DisplayNumbers" time="0.002"/>
  <testcase classname="winiumTest.DataProviderExample" name="DisplayNumbers" time="0.010"/>
  <testcase classname="winiumTest.DataProviderExample" name="DisplayNumbers" time="0.002"/>
</testsuite> <!-- winiumTest.DataProviderExample -->
