<?xml version="1.0" encoding="UTF-8"?>
<!-- Generated by org.testng.reporters.JUnitReportReporter -->
<testsuite hostname="Bishal-PC" failures="0" tests="1" name="winiumTest.HeadlessBrowser" time="4.430" errors="0" timestamp="10 Aug 2019 12:04:29 GMT" skipped="0">
  <testcase classname="winiumTest.HeadlessBrowser" name="HeadlessBrowserTest" time="4.430"/>
</testsuite> <!-- winiumTest.HeadlessBrowser -->
