<?xml version="1.0" encoding="UTF-8"?>
<!-- Generated by org.testng.reporters.JUnitReportReporter -->
<testsuite hostname="Bishal-PC" failures="0" tests="1" name="winiumTest.WiniumTestDemo2" time="0.015" errors="0" timestamp="23 Mar 2019 13:29:44 GMT" skipped="0">
  <testcase classname="winiumTest.WiniumTestDemo2" name="SeleniumTest" time="0.015"/>
</testsuite> <!-- winiumTest.WiniumTestDemo2 -->
