<?xml version="1.0" encoding="UTF-8"?>
<!-- Generated by org.testng.reporters.JUnitReportReporter -->
<testsuite hostname="Bishal-PC" failures="0" tests="1" name="winiumTest.TakeScreenshots" time="37.705" errors="0" timestamp="10 Aug 2019 15:33:43 GMT" skipped="0">
  <testcase classname="winiumTest.TakeScreenshots" name="TakescreenshotHandle" time="37.705"/>
</testsuite> <!-- winiumTest.TakeScreenshots -->
