<?xml version="1.0" encoding="UTF-8"?>
<!-- Generated by org.testng.reporters.JUnitReportReporter -->
<testsuite hostname="DESKTOP-07P8Q28" failures="0" tests="1" name="winiumTest.TestNGDemo" time="0.010" errors="0" timestamp="17 Apr 2021 14:40:03 GMT" skipped="0">
  <testcase classname="winiumTest.TestNGDemo" name="prameterTestOne" time="0.010"/>
</testsuite> <!-- winiumTest.TestNGDemo -->
