<?xml version="1.0" encoding="UTF-8"?>
<!-- Generated by org.testng.reporters.JUnitReportReporter -->
<testsuite hostname="DESKTOP-07P8Q28" failures="0" tests="1" name="winiumTest.TakeScreenshots" time="8.518" errors="0" timestamp="03 Feb 2022 13:41:10 GMT" skipped="0">
  <testcase classname="winiumTest.TakeScreenshots" name="TakescreenshotHandle" time="8.518"/>
</testsuite> <!-- winiumTest.TakeScreenshots -->
