<?xml version="1.0" encoding="UTF-8"?>
<!-- Generated by org.testng.reporters.JUnitReportReporter -->
<testsuite hostname="DESKTOP-07P8Q28" failures="0" tests="1" name="winiumTest.HeadlessBrowser" time="11.523" errors="0" timestamp="03 Feb 2022 13:33:14 GMT" skipped="0">
  <testcase classname="winiumTest.HeadlessBrowser" name="HeadlessBrowserTest" time="11.523"/>
</testsuite> <!-- winiumTest.HeadlessBrowser -->
