<?xml version="1.0" encoding="UTF-8"?>
<!-- Generated by org.testng.reporters.JUnitReportReporter -->
<testsuite hostname="Deo-PC" failures="0" tests="1" name="winiumTest.FileHandling" time="0.031" errors="0" timestamp="30 Apr 2020 11:29:28 GMT" skipped="0">
  <testcase classname="winiumTest.FileHandling" name="File_Handling" time="0.031"/>
</testsuite> <!-- winiumTest.FileHandling -->
